New Request
User in process: 1
User in process: 1
metadata created Taxonomy type
metadata created Selectbox type
metadata created Date type
metadata created Numeric type
metadata created Text type
metadata created Textarea type
User in process: 1
Processing item 0
Inserting item 0
after inserted99
User in process: 1
Processing item 1
Inserting item 1
after inserted100
User in process: 1
Processing item 2
Inserting item 2
after inserted101
User in process: 1
Processing item 3
Inserting item 3
after inserted102
User in process: 1
Processing item 4
Inserting item 4
after inserted103
User in process: 1
Processing item 5
Inserting item 5
after inserted104
User in process: 1
Processing item 6
Inserting item 6
after inserted105
User in process: 1
Processing item 7
Inserting item 7
after inserted106
User in process: 1
Processing item 8
Inserting item 8
after inserted107
User in process: 1
Processing item 9
Inserting item 9
after inserted108
User in process: 1
Processing item 10
Inserting item 10
after inserted109
User in process: 1
Processing item 11
Inserting item 11
after inserted110
User in process: 1
Processing item 12
Inserting item 12
after inserted111
User in process: 1
Processing item 13
Inserting item 13
after inserted112
User in process: 1
Processing item 14
Inserting item 14
after inserted113
User in process: 1
Processing item 15
Inserting item 15
after inserted114
User in process: 1
Processing item 16
Inserting item 16
after inserted115
User in process: 1
Processing item 17
Inserting item 17
after inserted116
User in process: 1
Processing item 18
Inserting item 18
after inserted117
User in process: 1
Processing item 19
Inserting item 19
after inserted118
User in process: 1
User in process: 1
closing taxonomies
tax 1 closed
metadatum 1 closed
User in process: 1
finish_processing
Process Finished
